-encoding
UTF-8
-outxml
-source
6
-target
6
-classpath
/home/daniel/.m2/repository/junit/junit/4.11/junit-4.11.jar:/home/daniel/.m2/repository/log4j/log4j/1.2.17/log4j-1.2.17.jar:/home/daniel/.m2/repository/org/slf4j/slf4j-api/1.7.5/slf4j-api-1.7.5.jar:/home/daniel/.m2/repository/org/slf4j/jcl-over-slf4j/1.7.5/jcl-over-slf4j-1.7.5.jar:/home/daniel/.m2/repository/org/slf4j/slf4j-log4j12/1.7.5/slf4j-log4j12-1.7.5.jar:/home/daniel/.m2/repository/org/aspectj/aspectjrt/1.8.1/aspectjrt-1.8.1.jar:/home/daniel/.m2/repository/org/aspectj/aspectjweaver/1.8.1/aspectjweaver-1.8.1.jar:/home/daniel/.m2/repository/javax/servlet/servlet-api/2.5/servlet-api-2.5.jar:/home/daniel/.m2/repository/net/sf/flexjson/flexjson/2.1/flexjson-2.1.jar:/home/daniel/.m2/repository/org/apache/commons/commons-lang3/3.1/commons-lang3-3.1.jar:/home/daniel/.m2/repository/org/springframework/roo/org.springframework.roo.annotations/1.3.2.RELEASE/org.springframework.roo.annotations-1.3.2.RELEASE.jar:/home/daniel/.m2/repository/org/springframework/spring-core/3.2.8.RELEASE/spring-core-3.2.8.RELEASE.jar:/home/daniel/.m2/repository/org/springframework/spring-test/3.2.8.RELEASE/spring-test-3.2.8.RELEASE.jar:/home/daniel/.m2/repository/org/springframework/spring-context/3.2.8.RELEASE/spring-context-3.2.8.RELEASE.jar:/home/daniel/.m2/repository/org/springframework/spring-aop/3.2.8.RELEASE/spring-aop-3.2.8.RELEASE.jar:/home/daniel/.m2/repository/org/springframework/spring-aspects/3.2.8.RELEASE/spring-aspects-3.2.8.RELEASE.jar:/home/daniel/.m2/repository/mysql/mysql-connector-java/5.1.18/mysql-connector-java-5.1.18.jar:/home/daniel/.m2/repository/org/hibernate/hibernate-core/4.3.6.Final/hibernate-core-4.3.6.Final.jar:/home/daniel/.m2/repository/org/hibernate/hibernate-entitymanager/4.3.6.Final/hibernate-entitymanager-4.3.6.Final.jar:/home/daniel/.m2/repository/org/hibernate/javax/persistence/hibernate-jpa-2.1-api/1.0.0.Final/hibernate-jpa-2.1-api-1.0.0.Final.jar:/home/daniel/.m2/repository/commons-collections/commons-collections/3.2.1/commons-collections-3.2.1.jar:/home/daniel/.m2/repository/org/hibernate/hibernate-validator/4.3.2.Final/hibernate-validator-4.3.2.Final.jar:/home/daniel/.m2/repository/javax/validation/validation-api/1.0.0.GA/validation-api-1.0.0.GA.jar:/home/daniel/.m2/repository/javax/transaction/jta/1.1/jta-1.1.jar:/home/daniel/.m2/repository/org/springframework/spring-jdbc/3.2.8.RELEASE/spring-jdbc-3.2.8.RELEASE.jar:/home/daniel/.m2/repository/org/springframework/spring-orm/3.2.8.RELEASE/spring-orm-3.2.8.RELEASE.jar:/home/daniel/.m2/repository/commons-pool/commons-pool/1.5.6/commons-pool-1.5.6.jar:/home/daniel/.m2/repository/commons-dbcp/commons-dbcp/1.4/commons-dbcp-1.4.jar:/home/daniel/.m2/repository/org/springframework/spring-webmvc/3.2.8.RELEASE/spring-webmvc-3.2.8.RELEASE.jar:/home/daniel/.m2/repository/org/springframework/webflow/spring-js-resources/2.2.1.RELEASE/spring-js-resources-2.2.1.RELEASE.jar:/home/daniel/.m2/repository/commons-digester/commons-digester/2.1/commons-digester-2.1.jar:/home/daniel/.m2/repository/commons-fileupload/commons-fileupload/1.2.2/commons-fileupload-1.2.2.jar:/home/daniel/.m2/repository/javax/servlet/jsp/jstl/jstl-api/1.2/jstl-api-1.2.jar:/home/daniel/.m2/repository/org/glassfish/web/jstl-impl/1.2/jstl-impl-1.2.jar:/home/daniel/.m2/repository/javax/el/el-api/2.2/el-api-2.2.jar:/home/daniel/.m2/repository/joda-time/joda-time/1.6/joda-time-1.6.jar:/home/daniel/.m2/repository/javax/servlet/jsp/jsp-api/2.1/jsp-api-2.1.jar:/home/daniel/.m2/repository/commons-codec/commons-codec/1.5/commons-codec-1.5.jar:/home/daniel/.m2/repository/org/apache/tiles/tiles-jsp/2.2.2/tiles-jsp-2.2.2.jar:/home/daniel/.m2/repository/org/gvnix/org.gvnix.addon.web.mvc.annotations/1.5.1.RC4/org.gvnix.addon.web.mvc.annotations-1.5.1.RC4.jar:/home/daniel/.m2/repository/org/springframework/security/spring-security-core/3.2.5.RELEASE/spring-security-core-3.2.5.RELEASE.jar:/home/daniel/.m2/repository/org/springframework/security/spring-security-config/3.2.5.RELEASE/spring-security-config-3.2.5.RELEASE.jar:/home/daniel/.m2/repository/org/springframework/security/spring-security-web/3.2.5.RELEASE/spring-security-web-3.2.5.RELEASE.jar:/home/daniel/.m2/repository/org/springframework/security/spring-security-taglibs/3.2.5.RELEASE/spring-security-taglibs-3.2.5.RELEASE.jar:/home/daniel/.m2/repository/commons-io/commons-io/2.4/commons-io-2.4.jar:/home/daniel/.m2/repository/org/springframework/spring-beans/3.2.8.RELEASE/spring-beans-3.2.8.RELEASE.jar:/home/daniel/.m2/repository/org/springframework/spring-expression/3.2.8.RELEASE/spring-expression-3.2.8.RELEASE.jar:/home/daniel/.m2/repository/aopalliance/aopalliance/1.0/aopalliance-1.0.jar:/home/daniel/.m2/repository/org/jboss/logging/jboss-logging/3.1.3.GA/jboss-logging-3.1.3.GA.jar:/home/daniel/.m2/repository/org/jboss/logging/jboss-logging-annotations/1.2.0.Beta1/jboss-logging-annotations-1.2.0.Beta1.jar:/home/daniel/.m2/repository/org/jboss/spec/javax/transaction/jboss-transaction-api_1.2_spec/1.0.0.Final/jboss-transaction-api_1.2_spec-1.0.0.Final.jar:/home/daniel/.m2/repository/dom4j/dom4j/1.6.1/dom4j-1.6.1.jar:/home/daniel/.m2/repository/xml-apis/xml-apis/1.0.b2/xml-apis-1.0.b2.jar:/home/daniel/.m2/repository/org/hibernate/common/hibernate-commons-annotations/4.0.5.Final/hibernate-commons-annotations-4.0.5.Final.jar:/home/daniel/.m2/repository/org/javassist/javassist/3.18.1-GA/javassist-3.18.1-GA.jar:/home/daniel/.m2/repository/antlr/antlr/2.7.7/antlr-2.7.7.jar:/home/daniel/.m2/repository/org/jboss/jandex/1.1.0.Final/jandex-1.1.0.Final.jar:/home/daniel/.m2/repository/org/springframework/spring-tx/3.2.8.RELEASE/spring-tx-3.2.8.RELEASE.jar:/home/daniel/.m2/repository/org/springframework/spring-web/3.2.8.RELEASE/spring-web-3.2.8.RELEASE.jar:/home/daniel/.m2/repository/commons-beanutils/commons-beanutils/1.8.3/commons-beanutils-1.8.3.jar:/home/daniel/.m2/repository/org/apache/tiles/tiles-servlet/2.2.2/tiles-servlet-2.2.2.jar:/home/daniel/.m2/repository/org/apache/tiles/tiles-core/2.2.2/tiles-core-2.2.2.jar:/home/daniel/.m2/repository/org/apache/tiles/tiles-template/2.2.2/tiles-template-2.2.2.jar:/home/daniel/.m2/repository/org/apache/tiles/tiles-api/2.2.2/tiles-api-2.2.2.jar:/home/daniel/.m2/repository/org/springframework/security/spring-security-acl/3.2.5.RELEASE/spring-security-acl-3.2.5.RELEASE.jar:/home/daniel/Escritorio/ucajobs/ucajobs/target/classes
-aspectpath
/home/daniel/.m2/repository/org/springframework/spring-aspects/3.2.8.RELEASE/spring-aspects-3.2.8.RELEASE.jar
-d
/home/daniel/Escritorio/ucajobs/ucajobs/target/classes
/home/daniel/Escritorio/ucajobs/ucajobs/src/main/java/es/iw/ucajobs/web/TituloController.java
/home/daniel/Escritorio/ucajobs/ucajobs/src/main/java/es/iw/ucajobs/web/CiudadController.java
/home/daniel/Escritorio/ucajobs/ucajobs/src/main/java/es/iw/ucajobs/web/UsersController.java
/home/daniel/Escritorio/ucajobs/ucajobs/src/main/java/es/iw/ucajobs/web/EmpresaController.java
/home/daniel/Escritorio/ucajobs/ucajobs/src/main/java/es/iw/ucajobs/web/OfertaTrabajoController_Roo_Controller.aj
/home/daniel/Escritorio/ucajobs/ucajobs/src/main/java/es/iw/ucajobs/web/RolesController_Roo_Controller.aj
/home/daniel/Escritorio/ucajobs/ucajobs/src/main/java/es/iw/ucajobs/web/InscripcionController.java
/home/daniel/Escritorio/ucajobs/ucajobs/src/main/java/es/iw/ucajobs/web/ApplicationConversionServiceFactoryBean_Roo_ConversionService.aj
/home/daniel/Escritorio/ucajobs/ucajobs/src/main/java/es/iw/ucajobs/web/ApplicationConversionServiceFactoryBean.java
/home/daniel/Escritorio/ucajobs/ucajobs/src/main/java/es/iw/ucajobs/web/RolesController.java
/home/daniel/Escritorio/ucajobs/ucajobs/src/main/java/es/iw/ucajobs/web/TrabajoController.java
/home/daniel/Escritorio/ucajobs/ucajobs/src/main/java/es/iw/ucajobs/web/PerfilController.java
/home/daniel/Escritorio/ucajobs/ucajobs/src/main/java/es/iw/ucajobs/web/UsersController_Roo_Controller.aj
/home/daniel/Escritorio/ucajobs/ucajobs/src/main/java/es/iw/ucajobs/web/CiudadController_Roo_Controller.aj
/home/daniel/Escritorio/ucajobs/ucajobs/src/main/java/es/iw/ucajobs/web/DemandanteController.java
/home/daniel/Escritorio/ucajobs/ucajobs/src/main/java/es/iw/ucajobs/web/ExperienciaController_Roo_Controller.aj
/home/daniel/Escritorio/ucajobs/ucajobs/src/main/java/es/iw/ucajobs/web/TrabajoController_Roo_Controller.aj
/home/daniel/Escritorio/ucajobs/ucajobs/src/main/java/es/iw/ucajobs/web/PerfilController_Roo_Controller.aj
/home/daniel/Escritorio/ucajobs/ucajobs/src/main/java/es/iw/ucajobs/web/UsersController_Roo_Controller_Finder.aj
/home/daniel/Escritorio/ucajobs/ucajobs/src/main/java/es/iw/ucajobs/web/OfertaTrabajoController_Roo_Controller_Finder.aj
/home/daniel/Escritorio/ucajobs/ucajobs/src/main/java/es/iw/ucajobs/web/OfertaTrabajoController.java
/home/daniel/Escritorio/ucajobs/ucajobs/src/main/java/es/iw/ucajobs/web/DemandanteController_Roo_Controller.aj
/home/daniel/Escritorio/ucajobs/ucajobs/src/main/java/es/iw/ucajobs/web/InscripcionController_Roo_Controller.aj
/home/daniel/Escritorio/ucajobs/ucajobs/src/main/java/es/iw/ucajobs/web/RolesController_Roo_Controller_Finder.aj
/home/daniel/Escritorio/ucajobs/ucajobs/src/main/java/es/iw/ucajobs/web/TituloController_Roo_Controller.aj
/home/daniel/Escritorio/ucajobs/ucajobs/src/main/java/es/iw/ucajobs/web/PerfilController_Roo_Controller_Finder.aj
/home/daniel/Escritorio/ucajobs/ucajobs/src/main/java/es/iw/ucajobs/web/ExperienciaController.java
/home/daniel/Escritorio/ucajobs/ucajobs/src/main/java/es/iw/ucajobs/web/EmpresaController_Roo_Controller.aj
/home/daniel/Escritorio/ucajobs/ucajobs/src/main/java/es/iw/ucajobs/web/EmpresaController_Roo_Controller_Finder.aj
/home/daniel/Escritorio/ucajobs/ucajobs/src/main/java/es/iw/ucajobs/domain/Experiencia.java
/home/daniel/Escritorio/ucajobs/ucajobs/src/main/java/es/iw/ucajobs/domain/Perfil_Roo_Configurable.aj
/home/daniel/Escritorio/ucajobs/ucajobs/src/main/java/es/iw/ucajobs/domain/Trabajo_Roo_Jpa_ActiveRecord.aj
/home/daniel/Escritorio/ucajobs/ucajobs/src/main/java/es/iw/ucajobs/domain/Ciudad_Roo_Configurable.aj
/home/daniel/Escritorio/ucajobs/ucajobs/src/main/java/es/iw/ucajobs/domain/Users_Roo_JavaBean.aj
/home/daniel/Escritorio/ucajobs/ucajobs/src/main/java/es/iw/ucajobs/domain/Titulo_Roo_Configurable.aj
/home/daniel/Escritorio/ucajobs/ucajobs/src/main/java/es/iw/ucajobs/domain/Ciudad_Roo_Jpa_Entity.aj
/home/daniel/Escritorio/ucajobs/ucajobs/src/main/java/es/iw/ucajobs/domain/Trabajo_Roo_Jpa_Entity.aj
/home/daniel/Escritorio/ucajobs/ucajobs/src/main/java/es/iw/ucajobs/domain/Experiencia_Roo_ToString.aj
/home/daniel/Escritorio/ucajobs/ucajobs/src/main/java/es/iw/ucajobs/domain/Ciudad_Roo_ToString.aj
/home/daniel/Escritorio/ucajobs/ucajobs/src/main/java/es/iw/ucajobs/domain/OfertaTrabajo_Roo_ToString.aj
/home/daniel/Escritorio/ucajobs/ucajobs/src/main/java/es/iw/ucajobs/domain/Titulo_Roo_ToString.aj
/home/daniel/Escritorio/ucajobs/ucajobs/src/main/java/es/iw/ucajobs/domain/Trabajo_Roo_ToString.aj
/home/daniel/Escritorio/ucajobs/ucajobs/src/main/java/es/iw/ucajobs/domain/OfertaTrabajo.java
/home/daniel/Escritorio/ucajobs/ucajobs/src/main/java/es/iw/ucajobs/domain/Users_Roo_Jpa_Entity.aj
/home/daniel/Escritorio/ucajobs/ucajobs/src/main/java/es/iw/ucajobs/domain/Inscripcion_Roo_Jpa_ActiveRecord.aj
/home/daniel/Escritorio/ucajobs/ucajobs/src/main/java/es/iw/ucajobs/domain/Inscripcion_Roo_JavaBean.aj
/home/daniel/Escritorio/ucajobs/ucajobs/src/main/java/es/iw/ucajobs/domain/Titulo_Roo_Jpa_Entity.aj
/home/daniel/Escritorio/ucajobs/ucajobs/src/main/java/es/iw/ucajobs/domain/Roles.java
/home/daniel/Escritorio/ucajobs/ucajobs/src/main/java/es/iw/ucajobs/domain/OfertaTrabajo_Roo_Jpa_Entity.aj
/home/daniel/Escritorio/ucajobs/ucajobs/src/main/java/es/iw/ucajobs/domain/Perfil.java
/home/daniel/Escritorio/ucajobs/ucajobs/src/main/java/es/iw/ucajobs/domain/Perfil_Roo_Finder.aj
/home/daniel/Escritorio/ucajobs/ucajobs/src/main/java/es/iw/ucajobs/domain/Demandante_Roo_Jpa_ActiveRecord.aj
/home/daniel/Escritorio/ucajobs/ucajobs/src/main/java/es/iw/ucajobs/domain/Demandante.java
/home/daniel/Escritorio/ucajobs/ucajobs/src/main/java/es/iw/ucajobs/domain/Roles_Roo_Jpa_ActiveRecord.aj
/home/daniel/Escritorio/ucajobs/ucajobs/src/main/java/es/iw/ucajobs/domain/Empresa_Roo_JavaBean.aj
/home/daniel/Escritorio/ucajobs/ucajobs/src/main/java/es/iw/ucajobs/domain/Trabajo.java
/home/daniel/Escritorio/ucajobs/ucajobs/src/main/java/es/iw/ucajobs/domain/Titulo.java
/home/daniel/Escritorio/ucajobs/ucajobs/src/main/java/es/iw/ucajobs/domain/Empresa_Roo_Jpa_Entity.aj
/home/daniel/Escritorio/ucajobs/ucajobs/src/main/java/es/iw/ucajobs/domain/Trabajo_Roo_JavaBean.aj
/home/daniel/Escritorio/ucajobs/ucajobs/src/main/java/es/iw/ucajobs/domain/Empresa_Roo_Finder.aj
/home/daniel/Escritorio/ucajobs/ucajobs/src/main/java/es/iw/ucajobs/domain/Experiencia_Roo_Jpa_ActiveRecord.aj
/home/daniel/Escritorio/ucajobs/ucajobs/src/main/java/es/iw/ucajobs/domain/OfertaTrabajo_Roo_JavaBean.aj
/home/daniel/Escritorio/ucajobs/ucajobs/src/main/java/es/iw/ucajobs/domain/Users_Roo_Jpa_ActiveRecord.aj
/home/daniel/Escritorio/ucajobs/ucajobs/src/main/java/es/iw/ucajobs/domain/Users_Roo_Finder.aj
/home/daniel/Escritorio/ucajobs/ucajobs/src/main/java/es/iw/ucajobs/domain/Perfil_Roo_ToString.aj
/home/daniel/Escritorio/ucajobs/ucajobs/src/main/java/es/iw/ucajobs/domain/Empresa_Roo_Jpa_ActiveRecord.aj
/home/daniel/Escritorio/ucajobs/ucajobs/src/main/java/es/iw/ucajobs/domain/Ciudad_Roo_Jpa_ActiveRecord.aj
/home/daniel/Escritorio/ucajobs/ucajobs/src/main/java/es/iw/ucajobs/domain/Titulo_Roo_JavaBean.aj
/home/daniel/Escritorio/ucajobs/ucajobs/src/main/java/es/iw/ucajobs/domain/Users.java
/home/daniel/Escritorio/ucajobs/ucajobs/src/main/java/es/iw/ucajobs/domain/Inscripcion.java
/home/daniel/Escritorio/ucajobs/ucajobs/src/main/java/es/iw/ucajobs/domain/Perfil_Roo_JavaBean.aj
/home/daniel/Escritorio/ucajobs/ucajobs/src/main/java/es/iw/ucajobs/domain/Demandante_Roo_ToString.aj
/home/daniel/Escritorio/ucajobs/ucajobs/src/main/java/es/iw/ucajobs/domain/Ciudad.java
/home/daniel/Escritorio/ucajobs/ucajobs/src/main/java/es/iw/ucajobs/domain/Empresa.java
/home/daniel/Escritorio/ucajobs/ucajobs/src/main/java/es/iw/ucajobs/domain/Roles_Roo_ToString.aj
/home/daniel/Escritorio/ucajobs/ucajobs/src/main/java/es/iw/ucajobs/domain/Experiencia_Roo_Configurable.aj
/home/daniel/Escritorio/ucajobs/ucajobs/src/main/java/es/iw/ucajobs/domain/Demandante_Roo_Jpa_Entity.aj
/home/daniel/Escritorio/ucajobs/ucajobs/src/main/java/es/iw/ucajobs/domain/Trabajo_Roo_Configurable.aj
/home/daniel/Escritorio/ucajobs/ucajobs/src/main/java/es/iw/ucajobs/domain/Users_Roo_Configurable.aj
/home/daniel/Escritorio/ucajobs/ucajobs/src/main/java/es/iw/ucajobs/domain/Perfil_Roo_Jpa_Entity.aj
/home/daniel/Escritorio/ucajobs/ucajobs/src/main/java/es/iw/ucajobs/domain/OfertaTrabajo_Roo_Finder.aj
/home/daniel/Escritorio/ucajobs/ucajobs/src/main/java/es/iw/ucajobs/domain/Roles_Roo_JavaBean.aj
/home/daniel/Escritorio/ucajobs/ucajobs/src/main/java/es/iw/ucajobs/domain/Roles_Roo_Jpa_Entity.aj
/home/daniel/Escritorio/ucajobs/ucajobs/src/main/java/es/iw/ucajobs/domain/Roles_Roo_Configurable.aj
/home/daniel/Escritorio/ucajobs/ucajobs/src/main/java/es/iw/ucajobs/domain/Demandante_Roo_JavaBean.aj
/home/daniel/Escritorio/ucajobs/ucajobs/src/main/java/es/iw/ucajobs/domain/Demandante_Roo_Configurable.aj
/home/daniel/Escritorio/ucajobs/ucajobs/src/main/java/es/iw/ucajobs/domain/Perfil_Roo_Jpa_ActiveRecord.aj
/home/daniel/Escritorio/ucajobs/ucajobs/src/main/java/es/iw/ucajobs/domain/OfertaTrabajo_Roo_Configurable.aj
/home/daniel/Escritorio/ucajobs/ucajobs/src/main/java/es/iw/ucajobs/domain/Titulo_Roo_Jpa_ActiveRecord.aj
/home/daniel/Escritorio/ucajobs/ucajobs/src/main/java/es/iw/ucajobs/domain/Roles_Roo_Finder.aj
/home/daniel/Escritorio/ucajobs/ucajobs/src/main/java/es/iw/ucajobs/domain/Experiencia_Roo_Jpa_Entity.aj
/home/daniel/Escritorio/ucajobs/ucajobs/src/main/java/es/iw/ucajobs/domain/Inscripcion_Roo_ToString.aj
/home/daniel/Escritorio/ucajobs/ucajobs/src/main/java/es/iw/ucajobs/domain/Empresa_Roo_Configurable.aj
/home/daniel/Escritorio/ucajobs/ucajobs/src/main/java/es/iw/ucajobs/domain/Empresa_Roo_ToString.aj
/home/daniel/Escritorio/ucajobs/ucajobs/src/main/java/es/iw/ucajobs/domain/Inscripcion_Roo_Jpa_Entity.aj
/home/daniel/Escritorio/ucajobs/ucajobs/src/main/java/es/iw/ucajobs/domain/OfertaTrabajo_Roo_Jpa_ActiveRecord.aj
/home/daniel/Escritorio/ucajobs/ucajobs/src/main/java/es/iw/ucajobs/domain/Ciudad_Roo_JavaBean.aj
/home/daniel/Escritorio/ucajobs/ucajobs/src/main/java/es/iw/ucajobs/domain/Experiencia_Roo_JavaBean.aj
/home/daniel/Escritorio/ucajobs/ucajobs/src/main/java/es/iw/ucajobs/domain/Inscripcion_Roo_Configurable.aj
/home/daniel/Escritorio/ucajobs/ucajobs/src/main/java/es/iw/ucajobs/domain/Users_Roo_ToString.aj
/home/daniel/Escritorio/ucajobs/ucajobs/src/main/java/es/iw/ucajobs/reference/EstadoInscripcion.java
/home/daniel/Escritorio/ucajobs/ucajobs/src/main/java/es/iw/ucajobs/reference/Sexo.java
/home/daniel/Escritorio/ucajobs/ucajobs/src/main/java/es/iw/ucajobs/reference/TipoContrato.java
/home/daniel/Escritorio/ucajobs/ucajobs/src/main/java/es/iw/ucajobs/reference/EstadoOferta.java
